<?xml version="1.0" encoding="UTF-8"?>
<testsuite xmlns:xsi="http://www.w3.org/2001/XMLSchema-instance" xsi:noNamespaceSchemaLocation="https://maven.apache.org/surefire/maven-surefire-plugin/xsd/surefire-test-report.xsd" name="com.zzh.BlogApplicationTests" time="8.629" tests="1" errors="0" skipped="0" failures="0">
  <properties>
    <property name="sun.desktop" value="windows"/>
    <property name="awt.toolkit" value="sun.awt.windows.WToolkit"/>
    <property name="file.encoding.pkg" value="sun.io"/>
    <property name="java.specification.version" value="1.8"/>
    <property name="sun.cpu.isalist" value="amd64"/>
    <property name="sun.jnu.encoding" value="GBK"/>
    <property name="java.class.path" value="F:\Own_Website\blog\target\test-classes;F:\Own_Website\blog\target\classes;F:\maven_bag\repository_maven\org\springframework\boot\spring-boot-starter\2.5.0\spring-boot-starter-2.5.0.jar;F:\maven_bag\repository_maven\org\springframework\boot\spring-boot\2.5.0\spring-boot-2.5.0.jar;F:\maven_bag\repository_maven\org\springframework\spring-context\5.3.7\spring-context-5.3.7.jar;F:\maven_bag\repository_maven\org\springframework\boot\spring-boot-autoconfigure\2.5.0\spring-boot-autoconfigure-2.5.0.jar;F:\maven_bag\repository_maven\jakarta\annotation\jakarta.annotation-api\1.3.5\jakarta.annotation-api-1.3.5.jar;F:\maven_bag\repository_maven\org\springframework\spring-core\5.3.7\spring-core-5.3.7.jar;F:\maven_bag\repository_maven\org\springframework\spring-jcl\5.3.7\spring-jcl-5.3.7.jar;F:\maven_bag\repository_maven\org\yaml\snakeyaml\1.28\snakeyaml-1.28.jar;F:\maven_bag\repository_maven\org\springframework\boot\spring-boot-starter-log4j2\2.5.0\spring-boot-starter-log4j2-2.5.0.jar;F:\maven_bag\repository_maven\org\apache\logging\log4j\log4j-slf4j-impl\2.14.1\log4j-slf4j-impl-2.14.1.jar;F:\maven_bag\repository_maven\org\apache\logging\log4j\log4j-api\2.14.1\log4j-api-2.14.1.jar;F:\maven_bag\repository_maven\org\apache\logging\log4j\log4j-core\2.14.1\log4j-core-2.14.1.jar;F:\maven_bag\repository_maven\org\apache\logging\log4j\log4j-jul\2.14.1\log4j-jul-2.14.1.jar;F:\maven_bag\repository_maven\org\slf4j\jul-to-slf4j\1.7.30\jul-to-slf4j-1.7.30.jar;F:\maven_bag\repository_maven\org\springframework\boot\spring-boot-starter-aop\2.5.0\spring-boot-starter-aop-2.5.0.jar;F:\maven_bag\repository_maven\org\springframework\spring-aop\5.3.7\spring-aop-5.3.7.jar;F:\maven_bag\repository_maven\org\springframework\spring-beans\5.3.7\spring-beans-5.3.7.jar;F:\maven_bag\repository_maven\org\aspectj\aspectjweaver\1.9.6\aspectjweaver-1.9.6.jar;F:\maven_bag\repository_maven\org\springframework\boot\spring-boot-starter-mail\2.5.0\spring-boot-starter-mail-2.5.0.jar;F:\maven_bag\repository_maven\org\springframework\spring-context-support\5.3.7\spring-context-support-5.3.7.jar;F:\maven_bag\repository_maven\com\sun\mail\jakarta.mail\1.6.7\jakarta.mail-1.6.7.jar;F:\maven_bag\repository_maven\com\sun\activation\jakarta.activation\1.2.2\jakarta.activation-1.2.2.jar;F:\maven_bag\repository_maven\org\springframework\boot\spring-boot-starter-web\2.5.0\spring-boot-starter-web-2.5.0.jar;F:\maven_bag\repository_maven\org\springframework\boot\spring-boot-starter-json\2.5.0\spring-boot-starter-json-2.5.0.jar;F:\maven_bag\repository_maven\com\fasterxml\jackson\datatype\jackson-datatype-jdk8\2.12.3\jackson-datatype-jdk8-2.12.3.jar;F:\maven_bag\repository_maven\com\fasterxml\jackson\datatype\jackson-datatype-jsr310\2.12.3\jackson-datatype-jsr310-2.12.3.jar;F:\maven_bag\repository_maven\com\fasterxml\jackson\module\jackson-module-parameter-names\2.12.3\jackson-module-parameter-names-2.12.3.jar;F:\maven_bag\repository_maven\org\springframework\boot\spring-boot-starter-tomcat\2.5.0\spring-boot-starter-tomcat-2.5.0.jar;F:\maven_bag\repository_maven\org\apache\tomcat\embed\tomcat-embed-core\9.0.46\tomcat-embed-core-9.0.46.jar;F:\maven_bag\repository_maven\org\apache\tomcat\embed\tomcat-embed-el\9.0.46\tomcat-embed-el-9.0.46.jar;F:\maven_bag\repository_maven\org\apache\tomcat\embed\tomcat-embed-websocket\9.0.46\tomcat-embed-websocket-9.0.46.jar;F:\maven_bag\repository_maven\org\springframework\spring-web\5.3.7\spring-web-5.3.7.jar;F:\maven_bag\repository_maven\org\springframework\spring-webmvc\5.3.7\spring-webmvc-5.3.7.jar;F:\maven_bag\repository_maven\org\springframework\spring-expression\5.3.7\spring-expression-5.3.7.jar;F:\maven_bag\repository_maven\org\springframework\boot\spring-boot-starter-test\2.5.0\spring-boot-starter-test-2.5.0.jar;F:\maven_bag\repository_maven\org\springframework\boot\spring-boot-test\2.5.0\spring-boot-test-2.5.0.jar;F:\maven_bag\repository_maven\org\springframework\boot\spring-boot-test-autoconfigure\2.5.0\spring-boot-test-autoconfigure-2.5.0.jar;F:\maven_bag\repository_maven\com\jayway\jsonpath\json-path\2.5.0\json-path-2.5.0.jar;F:\maven_bag\repository_maven\net\minidev\json-smart\2.4.7\json-smart-2.4.7.jar;F:\maven_bag\repository_maven\net\minidev\accessors-smart\2.4.7\accessors-smart-2.4.7.jar;F:\maven_bag\repository_maven\org\ow2\asm\asm\9.1\asm-9.1.jar;F:\maven_bag\repository_maven\jakarta\xml\bind\jakarta.xml.bind-api\2.3.3\jakarta.xml.bind-api-2.3.3.jar;F:\maven_bag\repository_maven\jakarta\activation\jakarta.activation-api\1.2.2\jakarta.activation-api-1.2.2.jar;F:\maven_bag\repository_maven\org\assertj\assertj-core\3.19.0\assertj-core-3.19.0.jar;F:\maven_bag\repository_maven\org\hamcrest\hamcrest\2.2\hamcrest-2.2.jar;F:\maven_bag\repository_maven\org\junit\jupiter\junit-jupiter\5.7.2\junit-jupiter-5.7.2.jar;F:\maven_bag\repository_maven\org\junit\jupiter\junit-jupiter-api\5.7.2\junit-jupiter-api-5.7.2.jar;F:\maven_bag\repository_maven\org\apiguardian\apiguardian-api\1.1.0\apiguardian-api-1.1.0.jar;F:\maven_bag\repository_maven\org\opentest4j\opentest4j\1.2.0\opentest4j-1.2.0.jar;F:\maven_bag\repository_maven\org\junit\platform\junit-platform-commons\1.7.2\junit-platform-commons-1.7.2.jar;F:\maven_bag\repository_maven\org\junit\jupiter\junit-jupiter-params\5.7.2\junit-jupiter-params-5.7.2.jar;F:\maven_bag\repository_maven\org\junit\jupiter\junit-jupiter-engine\5.7.2\junit-jupiter-engine-5.7.2.jar;F:\maven_bag\repository_maven\org\junit\platform\junit-platform-engine\1.7.2\junit-platform-engine-1.7.2.jar;F:\maven_bag\repository_maven\org\mockito\mockito-core\3.9.0\mockito-core-3.9.0.jar;F:\maven_bag\repository_maven\net\bytebuddy\byte-buddy\1.10.22\byte-buddy-1.10.22.jar;F:\maven_bag\repository_maven\net\bytebuddy\byte-buddy-agent\1.10.22\byte-buddy-agent-1.10.22.jar;F:\maven_bag\repository_maven\org\objenesis\objenesis\3.2\objenesis-3.2.jar;F:\maven_bag\repository_maven\org\mockito\mockito-junit-jupiter\3.9.0\mockito-junit-jupiter-3.9.0.jar;F:\maven_bag\repository_maven\org\skyscreamer\jsonassert\1.5.0\jsonassert-1.5.0.jar;F:\maven_bag\repository_maven\com\vaadin\external\google\android-json\0.0.20131108.vaadin1\android-json-0.0.20131108.vaadin1.jar;F:\maven_bag\repository_maven\org\springframework\spring-test\5.3.7\spring-test-5.3.7.jar;F:\maven_bag\repository_maven\org\xmlunit\xmlunit-core\2.8.2\xmlunit-core-2.8.2.jar;F:\maven_bag\repository_maven\org\springframework\boot\spring-boot-starter-data-redis\2.5.0\spring-boot-starter-data-redis-2.5.0.jar;F:\maven_bag\repository_maven\org\springframework\data\spring-data-redis\2.5.1\spring-data-redis-2.5.1.jar;F:\maven_bag\repository_maven\org\springframework\data\spring-data-keyvalue\2.5.1\spring-data-keyvalue-2.5.1.jar;F:\maven_bag\repository_maven\org\springframework\data\spring-data-commons\2.5.1\spring-data-commons-2.5.1.jar;F:\maven_bag\repository_maven\org\springframework\spring-tx\5.3.7\spring-tx-5.3.7.jar;F:\maven_bag\repository_maven\org\springframework\spring-oxm\5.3.7\spring-oxm-5.3.7.jar;F:\maven_bag\repository_maven\io\lettuce\lettuce-core\6.1.2.RELEASE\lettuce-core-6.1.2.RELEASE.jar;F:\maven_bag\repository_maven\io\netty\netty-common\4.1.65.Final\netty-common-4.1.65.Final.jar;F:\maven_bag\repository_maven\io\netty\netty-handler\4.1.65.Final\netty-handler-4.1.65.Final.jar;F:\maven_bag\repository_maven\io\netty\netty-resolver\4.1.65.Final\netty-resolver-4.1.65.Final.jar;F:\maven_bag\repository_maven\io\netty\netty-buffer\4.1.65.Final\netty-buffer-4.1.65.Final.jar;F:\maven_bag\repository_maven\io\netty\netty-codec\4.1.65.Final\netty-codec-4.1.65.Final.jar;F:\maven_bag\repository_maven\io\netty\netty-transport\4.1.65.Final\netty-transport-4.1.65.Final.jar;F:\maven_bag\repository_maven\io\projectreactor\reactor-core\3.4.6\reactor-core-3.4.6.jar;F:\maven_bag\repository_maven\org\reactivestreams\reactive-streams\1.0.3\reactive-streams-1.0.3.jar;F:\maven_bag\repository_maven\com\alibaba\fastjson\1.2.83\fastjson-1.2.83.jar;F:\maven_bag\repository_maven\mysql\mysql-connector-java\8.0.25\mysql-connector-java-8.0.25.jar;F:\maven_bag\repository_maven\org\springframework\boot\spring-boot-configuration-processor\2.5.0\spring-boot-configuration-processor-2.5.0.jar;F:\maven_bag\repository_maven\org\apache\commons\commons-lang3\3.12.0\commons-lang3-3.12.0.jar;F:\maven_bag\repository_maven\commons-collections\commons-collections\3.2.2\commons-collections-3.2.2.jar;F:\maven_bag\repository_maven\commons-codec\commons-codec\1.15\commons-codec-1.15.jar;F:\maven_bag\repository_maven\com\baomidou\mybatis-plus-boot-starter\3.5.1\mybatis-plus-boot-starter-3.5.1.jar;F:\maven_bag\repository_maven\com\baomidou\mybatis-plus\3.5.1\mybatis-plus-3.5.1.jar;F:\maven_bag\repository_maven\com\baomidou\mybatis-plus-extension\3.5.1\mybatis-plus-extension-3.5.1.jar;F:\maven_bag\repository_maven\com\baomidou\mybatis-plus-core\3.5.1\mybatis-plus-core-3.5.1.jar;F:\maven_bag\repository_maven\com\baomidou\mybatis-plus-annotation\3.5.1\mybatis-plus-annotation-3.5.1.jar;F:\maven_bag\repository_maven\com\github\jsqlparser\jsqlparser\4.3\jsqlparser-4.3.jar;F:\maven_bag\repository_maven\org\mybatis\mybatis\3.5.9\mybatis-3.5.9.jar;F:\maven_bag\repository_maven\org\mybatis\mybatis-spring\2.0.6\mybatis-spring-2.0.6.jar;F:\maven_bag\repository_maven\org\springframework\boot\spring-boot-starter-jdbc\2.5.0\spring-boot-starter-jdbc-2.5.0.jar;F:\maven_bag\repository_maven\com\zaxxer\HikariCP\4.0.3\HikariCP-4.0.3.jar;F:\maven_bag\repository_maven\org\springframework\spring-jdbc\5.3.7\spring-jdbc-5.3.7.jar;F:\maven_bag\repository_maven\org\projectlombok\lombok\1.18.20\lombok-1.18.20.jar;F:\maven_bag\repository_maven\joda-time\joda-time\2.10.1\joda-time-2.10.1.jar;F:\maven_bag\repository_maven\io\jsonwebtoken\jjwt\0.7.0\jjwt-0.7.0.jar;F:\maven_bag\repository_maven\com\fasterxml\jackson\core\jackson-databind\2.12.3\jackson-databind-2.12.3.jar;F:\maven_bag\repository_maven\com\fasterxml\jackson\core\jackson-annotations\2.12.3\jackson-annotations-2.12.3.jar;F:\maven_bag\repository_maven\com\fasterxml\jackson\core\jackson-core\2.12.3\jackson-core-2.12.3.jar;F:\maven_bag\repository_maven\io\springfox\springfox-swagger2\2.9.2\springfox-swagger2-2.9.2.jar;F:\maven_bag\repository_maven\io\swagger\swagger-annotations\1.5.20\swagger-annotations-1.5.20.jar;F:\maven_bag\repository_maven\io\swagger\swagger-models\1.5.20\swagger-models-1.5.20.jar;F:\maven_bag\repository_maven\io\springfox\springfox-spi\2.9.2\springfox-spi-2.9.2.jar;F:\maven_bag\repository_maven\io\springfox\springfox-core\2.9.2\springfox-core-2.9.2.jar;F:\maven_bag\repository_maven\io\springfox\springfox-schema\2.9.2\springfox-schema-2.9.2.jar;F:\maven_bag\repository_maven\io\springfox\springfox-swagger-common\2.9.2\springfox-swagger-common-2.9.2.jar;F:\maven_bag\repository_maven\io\springfox\springfox-spring-web\2.9.2\springfox-spring-web-2.9.2.jar;F:\maven_bag\repository_maven\com\google\guava\guava\20.0\guava-20.0.jar;F:\maven_bag\repository_maven\com\fasterxml\classmate\1.5.1\classmate-1.5.1.jar;F:\maven_bag\repository_maven\org\slf4j\slf4j-api\1.7.30\slf4j-api-1.7.30.jar;F:\maven_bag\repository_maven\org\springframework\plugin\spring-plugin-core\1.2.0.RELEASE\spring-plugin-core-1.2.0.RELEASE.jar;F:\maven_bag\repository_maven\org\springframework\plugin\spring-plugin-metadata\1.2.0.RELEASE\spring-plugin-metadata-1.2.0.RELEASE.jar;F:\maven_bag\repository_maven\org\mapstruct\mapstruct\1.2.0.Final\mapstruct-1.2.0.Final.jar;F:\maven_bag\repository_maven\io\springfox\springfox-swagger-ui\2.9.2\springfox-swagger-ui-2.9.2.jar;F:\maven_bag\repository_maven\com\qiniu\qiniu-java-sdk\7.10.4\qiniu-java-sdk-7.10.4.jar;F:\maven_bag\repository_maven\com\squareup\okhttp3\okhttp\3.14.9\okhttp-3.14.9.jar;F:\maven_bag\repository_maven\com\squareup\okio\okio\1.17.2\okio-1.17.2.jar;F:\maven_bag\repository_maven\com\google\code\gson\gson\2.8.6\gson-2.8.6.jar;"/>
    <property name="java.vm.vendor" value="Oracle Corporation"/>
    <property name="sun.arch.data.model" value="64"/>
    <property name="user.variant" value=""/>
    <property name="java.vendor.url" value="http://java.oracle.com/"/>
    <property name="user.timezone" value="Asia/Shanghai"/>
    <property name="java.vm.specification.version" value="1.8"/>
    <property name="os.name" value="Windows 10"/>
    <property name="user.country" value="CN"/>
    <property name="sun.java.launcher" value="SUN_STANDARD"/>
    <property name="sun.boot.library.path" value="C:\Program Files\Java\jdk1.8.0_241\jre\bin"/>
    <property name="sun.java.command" value="C:\Users\ADMINI~1\AppData\Local\Temp\surefire4413453709653675808\surefirebooter2804209236195268229.jar C:\Users\Administrator\AppData\Local\Temp\surefire4413453709653675808 2022-12-07T19-40-13_702-jvmRun1 surefire8070843195597222108tmp surefire_06100117090895940649tmp"/>
    <property name="surefire.test.class.path" value="F:\Own_Website\blog\target\test-classes;F:\Own_Website\blog\target\classes;F:\maven_bag\repository_maven\org\springframework\boot\spring-boot-starter\2.5.0\spring-boot-starter-2.5.0.jar;F:\maven_bag\repository_maven\org\springframework\boot\spring-boot\2.5.0\spring-boot-2.5.0.jar;F:\maven_bag\repository_maven\org\springframework\spring-context\5.3.7\spring-context-5.3.7.jar;F:\maven_bag\repository_maven\org\springframework\boot\spring-boot-autoconfigure\2.5.0\spring-boot-autoconfigure-2.5.0.jar;F:\maven_bag\repository_maven\jakarta\annotation\jakarta.annotation-api\1.3.5\jakarta.annotation-api-1.3.5.jar;F:\maven_bag\repository_maven\org\springframework\spring-core\5.3.7\spring-core-5.3.7.jar;F:\maven_bag\repository_maven\org\springframework\spring-jcl\5.3.7\spring-jcl-5.3.7.jar;F:\maven_bag\repository_maven\org\yaml\snakeyaml\1.28\snakeyaml-1.28.jar;F:\maven_bag\repository_maven\org\springframework\boot\spring-boot-starter-log4j2\2.5.0\spring-boot-starter-log4j2-2.5.0.jar;F:\maven_bag\repository_maven\org\apache\logging\log4j\log4j-slf4j-impl\2.14.1\log4j-slf4j-impl-2.14.1.jar;F:\maven_bag\repository_maven\org\apache\logging\log4j\log4j-api\2.14.1\log4j-api-2.14.1.jar;F:\maven_bag\repository_maven\org\apache\logging\log4j\log4j-core\2.14.1\log4j-core-2.14.1.jar;F:\maven_bag\repository_maven\org\apache\logging\log4j\log4j-jul\2.14.1\log4j-jul-2.14.1.jar;F:\maven_bag\repository_maven\org\slf4j\jul-to-slf4j\1.7.30\jul-to-slf4j-1.7.30.jar;F:\maven_bag\repository_maven\org\springframework\boot\spring-boot-starter-aop\2.5.0\spring-boot-starter-aop-2.5.0.jar;F:\maven_bag\repository_maven\org\springframework\spring-aop\5.3.7\spring-aop-5.3.7.jar;F:\maven_bag\repository_maven\org\springframework\spring-beans\5.3.7\spring-beans-5.3.7.jar;F:\maven_bag\repository_maven\org\aspectj\aspectjweaver\1.9.6\aspectjweaver-1.9.6.jar;F:\maven_bag\repository_maven\org\springframework\boot\spring-boot-starter-mail\2.5.0\spring-boot-starter-mail-2.5.0.jar;F:\maven_bag\repository_maven\org\springframework\spring-context-support\5.3.7\spring-context-support-5.3.7.jar;F:\maven_bag\repository_maven\com\sun\mail\jakarta.mail\1.6.7\jakarta.mail-1.6.7.jar;F:\maven_bag\repository_maven\com\sun\activation\jakarta.activation\1.2.2\jakarta.activation-1.2.2.jar;F:\maven_bag\repository_maven\org\springframework\boot\spring-boot-starter-web\2.5.0\spring-boot-starter-web-2.5.0.jar;F:\maven_bag\repository_maven\org\springframework\boot\spring-boot-starter-json\2.5.0\spring-boot-starter-json-2.5.0.jar;F:\maven_bag\repository_maven\com\fasterxml\jackson\datatype\jackson-datatype-jdk8\2.12.3\jackson-datatype-jdk8-2.12.3.jar;F:\maven_bag\repository_maven\com\fasterxml\jackson\datatype\jackson-datatype-jsr310\2.12.3\jackson-datatype-jsr310-2.12.3.jar;F:\maven_bag\repository_maven\com\fasterxml\jackson\module\jackson-module-parameter-names\2.12.3\jackson-module-parameter-names-2.12.3.jar;F:\maven_bag\repository_maven\org\springframework\boot\spring-boot-starter-tomcat\2.5.0\spring-boot-starter-tomcat-2.5.0.jar;F:\maven_bag\repository_maven\org\apache\tomcat\embed\tomcat-embed-core\9.0.46\tomcat-embed-core-9.0.46.jar;F:\maven_bag\repository_maven\org\apache\tomcat\embed\tomcat-embed-el\9.0.46\tomcat-embed-el-9.0.46.jar;F:\maven_bag\repository_maven\org\apache\tomcat\embed\tomcat-embed-websocket\9.0.46\tomcat-embed-websocket-9.0.46.jar;F:\maven_bag\repository_maven\org\springframework\spring-web\5.3.7\spring-web-5.3.7.jar;F:\maven_bag\repository_maven\org\springframework\spring-webmvc\5.3.7\spring-webmvc-5.3.7.jar;F:\maven_bag\repository_maven\org\springframework\spring-expression\5.3.7\spring-expression-5.3.7.jar;F:\maven_bag\repository_maven\org\springframework\boot\spring-boot-starter-test\2.5.0\spring-boot-starter-test-2.5.0.jar;F:\maven_bag\repository_maven\org\springframework\boot\spring-boot-test\2.5.0\spring-boot-test-2.5.0.jar;F:\maven_bag\repository_maven\org\springframework\boot\spring-boot-test-autoconfigure\2.5.0\spring-boot-test-autoconfigure-2.5.0.jar;F:\maven_bag\repository_maven\com\jayway\jsonpath\json-path\2.5.0\json-path-2.5.0.jar;F:\maven_bag\repository_maven\net\minidev\json-smart\2.4.7\json-smart-2.4.7.jar;F:\maven_bag\repository_maven\net\minidev\accessors-smart\2.4.7\accessors-smart-2.4.7.jar;F:\maven_bag\repository_maven\org\ow2\asm\asm\9.1\asm-9.1.jar;F:\maven_bag\repository_maven\jakarta\xml\bind\jakarta.xml.bind-api\2.3.3\jakarta.xml.bind-api-2.3.3.jar;F:\maven_bag\repository_maven\jakarta\activation\jakarta.activation-api\1.2.2\jakarta.activation-api-1.2.2.jar;F:\maven_bag\repository_maven\org\assertj\assertj-core\3.19.0\assertj-core-3.19.0.jar;F:\maven_bag\repository_maven\org\hamcrest\hamcrest\2.2\hamcrest-2.2.jar;F:\maven_bag\repository_maven\org\junit\jupiter\junit-jupiter\5.7.2\junit-jupiter-5.7.2.jar;F:\maven_bag\repository_maven\org\junit\jupiter\junit-jupiter-api\5.7.2\junit-jupiter-api-5.7.2.jar;F:\maven_bag\repository_maven\org\apiguardian\apiguardian-api\1.1.0\apiguardian-api-1.1.0.jar;F:\maven_bag\repository_maven\org\opentest4j\opentest4j\1.2.0\opentest4j-1.2.0.jar;F:\maven_bag\repository_maven\org\junit\platform\junit-platform-commons\1.7.2\junit-platform-commons-1.7.2.jar;F:\maven_bag\repository_maven\org\junit\jupiter\junit-jupiter-params\5.7.2\junit-jupiter-params-5.7.2.jar;F:\maven_bag\repository_maven\org\junit\jupiter\junit-jupiter-engine\5.7.2\junit-jupiter-engine-5.7.2.jar;F:\maven_bag\repository_maven\org\junit\platform\junit-platform-engine\1.7.2\junit-platform-engine-1.7.2.jar;F:\maven_bag\repository_maven\org\mockito\mockito-core\3.9.0\mockito-core-3.9.0.jar;F:\maven_bag\repository_maven\net\bytebuddy\byte-buddy\1.10.22\byte-buddy-1.10.22.jar;F:\maven_bag\repository_maven\net\bytebuddy\byte-buddy-agent\1.10.22\byte-buddy-agent-1.10.22.jar;F:\maven_bag\repository_maven\org\objenesis\objenesis\3.2\objenesis-3.2.jar;F:\maven_bag\repository_maven\org\mockito\mockito-junit-jupiter\3.9.0\mockito-junit-jupiter-3.9.0.jar;F:\maven_bag\repository_maven\org\skyscreamer\jsonassert\1.5.0\jsonassert-1.5.0.jar;F:\maven_bag\repository_maven\com\vaadin\external\google\android-json\0.0.20131108.vaadin1\android-json-0.0.20131108.vaadin1.jar;F:\maven_bag\repository_maven\org\springframework\spring-test\5.3.7\spring-test-5.3.7.jar;F:\maven_bag\repository_maven\org\xmlunit\xmlunit-core\2.8.2\xmlunit-core-2.8.2.jar;F:\maven_bag\repository_maven\org\springframework\boot\spring-boot-starter-data-redis\2.5.0\spring-boot-starter-data-redis-2.5.0.jar;F:\maven_bag\repository_maven\org\springframework\data\spring-data-redis\2.5.1\spring-data-redis-2.5.1.jar;F:\maven_bag\repository_maven\org\springframework\data\spring-data-keyvalue\2.5.1\spring-data-keyvalue-2.5.1.jar;F:\maven_bag\repository_maven\org\springframework\data\spring-data-commons\2.5.1\spring-data-commons-2.5.1.jar;F:\maven_bag\repository_maven\org\springframework\spring-tx\5.3.7\spring-tx-5.3.7.jar;F:\maven_bag\repository_maven\org\springframework\spring-oxm\5.3.7\spring-oxm-5.3.7.jar;F:\maven_bag\repository_maven\io\lettuce\lettuce-core\6.1.2.RELEASE\lettuce-core-6.1.2.RELEASE.jar;F:\maven_bag\repository_maven\io\netty\netty-common\4.1.65.Final\netty-common-4.1.65.Final.jar;F:\maven_bag\repository_maven\io\netty\netty-handler\4.1.65.Final\netty-handler-4.1.65.Final.jar;F:\maven_bag\repository_maven\io\netty\netty-resolver\4.1.65.Final\netty-resolver-4.1.65.Final.jar;F:\maven_bag\repository_maven\io\netty\netty-buffer\4.1.65.Final\netty-buffer-4.1.65.Final.jar;F:\maven_bag\repository_maven\io\netty\netty-codec\4.1.65.Final\netty-codec-4.1.65.Final.jar;F:\maven_bag\repository_maven\io\netty\netty-transport\4.1.65.Final\netty-transport-4.1.65.Final.jar;F:\maven_bag\repository_maven\io\projectreactor\reactor-core\3.4.6\reactor-core-3.4.6.jar;F:\maven_bag\repository_maven\org\reactivestreams\reactive-streams\1.0.3\reactive-streams-1.0.3.jar;F:\maven_bag\repository_maven\com\alibaba\fastjson\1.2.83\fastjson-1.2.83.jar;F:\maven_bag\repository_maven\mysql\mysql-connector-java\8.0.25\mysql-connector-java-8.0.25.jar;F:\maven_bag\repository_maven\org\springframework\boot\spring-boot-configuration-processor\2.5.0\spring-boot-configuration-processor-2.5.0.jar;F:\maven_bag\repository_maven\org\apache\commons\commons-lang3\3.12.0\commons-lang3-3.12.0.jar;F:\maven_bag\repository_maven\commons-collections\commons-collections\3.2.2\commons-collections-3.2.2.jar;F:\maven_bag\repository_maven\commons-codec\commons-codec\1.15\commons-codec-1.15.jar;F:\maven_bag\repository_maven\com\baomidou\mybatis-plus-boot-starter\3.5.1\mybatis-plus-boot-starter-3.5.1.jar;F:\maven_bag\repository_maven\com\baomidou\mybatis-plus\3.5.1\mybatis-plus-3.5.1.jar;F:\maven_bag\repository_maven\com\baomidou\mybatis-plus-extension\3.5.1\mybatis-plus-extension-3.5.1.jar;F:\maven_bag\repository_maven\com\baomidou\mybatis-plus-core\3.5.1\mybatis-plus-core-3.5.1.jar;F:\maven_bag\repository_maven\com\baomidou\mybatis-plus-annotation\3.5.1\mybatis-plus-annotation-3.5.1.jar;F:\maven_bag\repository_maven\com\github\jsqlparser\jsqlparser\4.3\jsqlparser-4.3.jar;F:\maven_bag\repository_maven\org\mybatis\mybatis\3.5.9\mybatis-3.5.9.jar;F:\maven_bag\repository_maven\org\mybatis\mybatis-spring\2.0.6\mybatis-spring-2.0.6.jar;F:\maven_bag\repository_maven\org\springframework\boot\spring-boot-starter-jdbc\2.5.0\spring-boot-starter-jdbc-2.5.0.jar;F:\maven_bag\repository_maven\com\zaxxer\HikariCP\4.0.3\HikariCP-4.0.3.jar;F:\maven_bag\repository_maven\org\springframework\spring-jdbc\5.3.7\spring-jdbc-5.3.7.jar;F:\maven_bag\repository_maven\org\projectlombok\lombok\1.18.20\lombok-1.18.20.jar;F:\maven_bag\repository_maven\joda-time\joda-time\2.10.1\joda-time-2.10.1.jar;F:\maven_bag\repository_maven\io\jsonwebtoken\jjwt\0.7.0\jjwt-0.7.0.jar;F:\maven_bag\repository_maven\com\fasterxml\jackson\core\jackson-databind\2.12.3\jackson-databind-2.12.3.jar;F:\maven_bag\repository_maven\com\fasterxml\jackson\core\jackson-annotations\2.12.3\jackson-annotations-2.12.3.jar;F:\maven_bag\repository_maven\com\fasterxml\jackson\core\jackson-core\2.12.3\jackson-core-2.12.3.jar;F:\maven_bag\repository_maven\io\springfox\springfox-swagger2\2.9.2\springfox-swagger2-2.9.2.jar;F:\maven_bag\repository_maven\io\swagger\swagger-annotations\1.5.20\swagger-annotations-1.5.20.jar;F:\maven_bag\repository_maven\io\swagger\swagger-models\1.5.20\swagger-models-1.5.20.jar;F:\maven_bag\repository_maven\io\springfox\springfox-spi\2.9.2\springfox-spi-2.9.2.jar;F:\maven_bag\repository_maven\io\springfox\springfox-core\2.9.2\springfox-core-2.9.2.jar;F:\maven_bag\repository_maven\io\springfox\springfox-schema\2.9.2\springfox-schema-2.9.2.jar;F:\maven_bag\repository_maven\io\springfox\springfox-swagger-common\2.9.2\springfox-swagger-common-2.9.2.jar;F:\maven_bag\repository_maven\io\springfox\springfox-spring-web\2.9.2\springfox-spring-web-2.9.2.jar;F:\maven_bag\repository_maven\com\google\guava\guava\20.0\guava-20.0.jar;F:\maven_bag\repository_maven\com\fasterxml\classmate\1.5.1\classmate-1.5.1.jar;F:\maven_bag\repository_maven\org\slf4j\slf4j-api\1.7.30\slf4j-api-1.7.30.jar;F:\maven_bag\repository_maven\org\springframework\plugin\spring-plugin-core\1.2.0.RELEASE\spring-plugin-core-1.2.0.RELEASE.jar;F:\maven_bag\repository_maven\org\springframework\plugin\spring-plugin-metadata\1.2.0.RELEASE\spring-plugin-metadata-1.2.0.RELEASE.jar;F:\maven_bag\repository_maven\org\mapstruct\mapstruct\1.2.0.Final\mapstruct-1.2.0.Final.jar;F:\maven_bag\repository_maven\io\springfox\springfox-swagger-ui\2.9.2\springfox-swagger-ui-2.9.2.jar;F:\maven_bag\repository_maven\com\qiniu\qiniu-java-sdk\7.10.4\qiniu-java-sdk-7.10.4.jar;F:\maven_bag\repository_maven\com\squareup\okhttp3\okhttp\3.14.9\okhttp-3.14.9.jar;F:\maven_bag\repository_maven\com\squareup\okio\okio\1.17.2\okio-1.17.2.jar;F:\maven_bag\repository_maven\com\google\code\gson\gson\2.8.6\gson-2.8.6.jar;"/>
    <property name="sun.cpu.endian" value="little"/>
    <property name="user.home" value="C:\Users\Administrator"/>
    <property name="user.language" value="zh"/>
    <property name="java.specification.vendor" value="Oracle Corporation"/>
    <property name="java.home" value="C:\Program Files\Java\jdk1.8.0_241\jre"/>
    <property name="basedir" value="F:\Own_Website\blog"/>
    <property name="file.separator" value="\"/>
    <property name="line.separator" value="&#10;"/>
    <property name="java.vm.specification.vendor" value="Oracle Corporation"/>
    <property name="java.specification.name" value="Java Platform API Specification"/>
    <property name="java.awt.graphicsenv" value="sun.awt.Win32GraphicsEnvironment"/>
    <property name="surefire.real.class.path" value="C:\Users\ADMINI~1\AppData\Local\Temp\surefire4413453709653675808\surefirebooter2804209236195268229.jar"/>
    <property name="sun.boot.class.path" value="C:\Program Files\Java\jdk1.8.0_241\jre\lib\resources.jar;C:\Program Files\Java\jdk1.8.0_241\jre\lib\rt.jar;C:\Program Files\Java\jdk1.8.0_241\jre\lib\sunrsasign.jar;C:\Program Files\Java\jdk1.8.0_241\jre\lib\jsse.jar;C:\Program Files\Java\jdk1.8.0_241\jre\lib\jce.jar;C:\Program Files\Java\jdk1.8.0_241\jre\lib\charsets.jar;C:\Program Files\Java\jdk1.8.0_241\jre\lib\jfr.jar;C:\Program Files\Java\jdk1.8.0_241\jre\classes"/>
    <property name="user.script" value=""/>
    <property name="sun.management.compiler" value="HotSpot 64-Bit Tiered Compilers"/>
    <property name="java.runtime.version" value="1.8.0_241-b07"/>
    <property name="user.name" value="Administrator"/>
    <property name="path.separator" value=";"/>
    <property name="os.version" value="10.0"/>
    <property name="java.endorsed.dirs" value="C:\Program Files\Java\jdk1.8.0_241\jre\lib\endorsed"/>
    <property name="java.runtime.name" value="Java(TM) SE Runtime Environment"/>
    <property name="file.encoding" value="GBK"/>
    <property name="java.vm.name" value="Java HotSpot(TM) 64-Bit Server VM"/>
    <property name="localRepository" value="F:\maven_bag\repository_maven"/>
    <property name="java.vendor.url.bug" value="http://bugreport.sun.com/bugreport/"/>
    <property name="java.io.tmpdir" value="C:\Users\ADMINI~1\AppData\Local\Temp\"/>
    <property name="idea.version" value="2021.1.2"/>
    <property name="java.version" value="1.8.0_241"/>
    <property name="user.dir" value="F:\Own_Website\blog"/>
    <property name="os.arch" value="amd64"/>
    <property name="java.vm.specification.name" value="Java Virtual Machine Specification"/>
    <property name="java.awt.printerjob" value="sun.awt.windows.WPrinterJob"/>
    <property name="sun.os.patch.level" value=""/>
    <property name="java.library.path" value="C:\Program Files\Java\jdk1.8.0_241\jre\bin;C:\Windows\Sun\Java\bin;C:\Windows\system32;C:\Windows;C:\Program Files\Common Files\Oracle\Java\javapath;C:\Program Files (x86)\Common Files\Oracle\Java\javapath;F:\study use\python\Scripts\;F:\study use\python\;F:\study use\Scripts\;F:\study use\;C:\Windows\system32;C:\Windows;C:\Windows\System32\Wbem;C:\Windows\System32\WindowsPowerShell\v1.0\;C:\Program Files (x86)\NVIDIA Corporation\PhysX\Common;C:\Program Files\NVIDIA Corporation\NVIDIA NvDLISR;F:\study use\JavaIDE\jdk8\bin;C:\Program Files\nodejs\;G:\small case\Xshell\;G:\small case\Xftp\;F:\study use\python;C:\Users\Administrator\AppData\Local\GitHubDesktop\bin;G:\常用软件\QQGameTempest\Hall.57734\;G:\small case\Fiddler;C:\Users\Administrator\AppData\Roaming\npm;F:\Microsoft VS Code\bin;."/>
    <property name="java.vm.info" value="mixed mode"/>
    <property name="java.vendor" value="Oracle Corporation"/>
    <property name="java.vm.version" value="25.241-b07"/>
    <property name="java.ext.dirs" value="C:\Program Files\Java\jdk1.8.0_241\jre\lib\ext;C:\Windows\Sun\Java\lib\ext"/>
    <property name="sun.io.unicode.encoding" value="UnicodeLittle"/>
    <property name="maven.repo.local" value="F:\maven_bag\repository_maven"/>
    <property name="java.class.version" value="52.0"/>
  </properties>
  <testcase name="contextLoads" classname="com.zzh.BlogApplicationTests" time="0.304"/>
</testsuite>